[debug] [2020-06-07T16:05:28.975Z] ----------------------------------------------------------------------
[debug] [2020-06-07T16:05:28.977Z] Command:       C:\Program Files\nodejs\node.exe C:\Users\cedric\AppData\Roaming\npm\node_modules\firebase-tools\lib\bin\firebase.js deploy --only functions
[debug] [2020-06-07T16:05:28.977Z] CLI Version:   8.4.1
[debug] [2020-06-07T16:05:28.977Z] Platform:      win32
[debug] [2020-06-07T16:05:28.977Z] Node Version:  v13.11.0
[debug] [2020-06-07T16:05:28.978Z] Time:          Sun Jun 07 2020 18:05:28 GMT+0200 (Central European Summer Time)
[debug] [2020-06-07T16:05:28.978Z] ----------------------------------------------------------------------
[debug] [2020-06-07T16:05:28.978Z] 
[debug] [2020-06-07T16:05:28.986Z] > command requires scopes: ["email","openid","https://www.googleapis.com/auth/cloudplatformprojects.readonly","https://www.googleapis.com/auth/firebase","https://www.googleapis.com/auth/cloud-platform"]
[debug] [2020-06-07T16:05:28.987Z] > authorizing via signed-in user
[debug] [2020-06-07T16:05:28.987Z] [iam] checking project graffity-dev-b0fa1 for permissions ["cloudfunctions.functions.create","cloudfunctions.functions.delete","cloudfunctions.functions.get","cloudfunctions.functions.list","cloudfunctions.functions.update","cloudfunctions.operations.get","firebase.projects.get"]
[debug] [2020-06-07T16:05:28.990Z] >>> HTTP REQUEST POST https://cloudresourcemanager.googleapis.com/v1/projects/graffity-dev-b0fa1:testIamPermissions  
 {"permissions":["cloudfunctions.functions.create","cloudfunctions.functions.delete","cloudfunctions.functions.get","cloudfunctions.functions.list","cloudfunctions.functions.update","cloudfunctions.operations.get","firebase.projects.get"]}
[debug] [2020-06-07T16:05:29.642Z] <<< HTTP RESPONSE 200 {"content-type":"application/json; charset=UTF-8","vary":"X-Origin, Referer, Origin,Accept-Encoding","date":"Sun, 07 Jun 2020 16:05:29 GMT","server":"ESF","cache-control":"private","x-xss-protection":"0","x-frame-options":"SAMEORIGIN","x-content-type-options":"nosniff","server-timing":"gfet4t7; dur=586","alt-svc":"h3-27=\":443\"; ma=2592000,h3-25=\":443\"; ma=2592000,h3-T050=\":443\"; ma=2592000,h3-Q050=\":443\"; ma=2592000,h3-Q049=\":443\"; ma=2592000,h3-Q048=\":443\"; ma=2592000,h3-Q046=\":443\"; ma=2592000,h3-Q043=\":443\"; ma=2592000,quic=\":443\"; ma=2592000; v=\"46,43\"","accept-ranges":"none","transfer-encoding":"chunked"}
[debug] [2020-06-07T16:05:29.646Z] >>> HTTP REQUEST POST https://iam.googleapis.com/v1/projects/graffity-dev-b0fa1/serviceAccounts/graffity-dev-b0fa1@appspot.gserviceaccount.com:testIamPermissions  
 {"permissions":["iam.serviceAccounts.actAs"]}
[debug] [2020-06-07T16:05:29.824Z] <<< HTTP RESPONSE 200 {"content-type":"application/json; charset=UTF-8","vary":"X-Origin, Referer, Origin,Accept-Encoding","date":"Sun, 07 Jun 2020 16:05:29 GMT","server":"ESF","cache-control":"private","x-xss-protection":"0","x-frame-options":"SAMEORIGIN","x-content-type-options":"nosniff","alt-svc":"h3-27=\":443\"; ma=2592000,h3-25=\":443\"; ma=2592000,h3-T050=\":443\"; ma=2592000,h3-Q050=\":443\"; ma=2592000,h3-Q049=\":443\"; ma=2592000,h3-Q048=\":443\"; ma=2592000,h3-Q046=\":443\"; ma=2592000,h3-Q043=\":443\"; ma=2592000,quic=\":443\"; ma=2592000; v=\"46,43\"","accept-ranges":"none","transfer-encoding":"chunked"}
[info] 
[info] === Deploying to 'graffity-dev-b0fa1'...
[info] 
[info] i  deploying functions 
[info] Running command: npm --prefix "$RESOURCE_DIR" run build
[info] +  functions: Finished running predeploy script. 
[debug] [2020-06-07T16:05:37.490Z] > [functions] package.json contents: {
  "name": "functions",
  "scripts": {
    "build": "tsc",
    "serve": "npm run build && firebase emulators:start --only functions",
    "shell": "npm run build && firebase functions:shell",
    "start": "npm run shell",
    "deploy": "firebase deploy --only functions",
    "logs": "firebase functions:log"
  },
  "engines": {
    "node": "10"
  },
  "main": "lib/functions/src/index.js",
  "dependencies": {
    "crypto-js": "^4.0.0",
    "firebase-admin": "^8.12.1",
    "firebase-functions": "^3.3.0",
    "nanocurrency-web": "^1.2.1",
    "uuid": "^8.1.0"
  },
  "devDependencies": {
    "@types/crypto-js": "^3.1.47",
    "@types/uuid": "^8.0.0",
    "firebase-functions-test": "^0.1.6",
    "typescript": "^3.2.2"
  },
  "private": true
}
[info] i  functions: ensuring required API cloudfunctions.googleapis.com is enabled... 
[debug] [2020-06-07T16:05:39.058Z] [functions] runtime dependency check dates: warning: 2020-05-21T00:00:00.000Z error: 2020-06-23T00:00:00.000Z
[info] i  functions: ensuring required API cloudbuild.googleapis.com is enabled... 
[debug] [2020-06-07T16:05:39.059Z] >>> HTTP REQUEST GET https://serviceusage.googleapis.com/v1/projects/graffity-dev-b0fa1/services/cloudfunctions.googleapis.com  
 
[debug] [2020-06-07T16:05:39.059Z] >>> HTTP REQUEST GET https://serviceusage.googleapis.com/v1/projects/graffity-dev-b0fa1/services/runtimeconfig.googleapis.com  
 
[debug] [2020-06-07T16:05:39.060Z] >>> HTTP REQUEST GET https://serviceusage.googleapis.com/v1/projects/graffity-dev-b0fa1/services/cloudbuild.googleapis.com  
 
[debug] [2020-06-07T16:05:39.802Z] <<< HTTP RESPONSE 200 {"content-type":"application/json; charset=UTF-8","vary":"X-Origin, Referer, Origin,Accept-Encoding","date":"Sun, 07 Jun 2020 16:05:39 GMT","server":"ESF","cache-control":"private","x-xss-protection":"0","x-frame-options":"SAMEORIGIN","x-content-type-options":"nosniff","alt-svc":"h3-27=\":443\"; ma=2592000,h3-25=\":443\"; ma=2592000,h3-T050=\":443\"; ma=2592000,h3-Q050=\":443\"; ma=2592000,h3-Q049=\":443\"; ma=2592000,h3-Q048=\":443\"; ma=2592000,h3-Q046=\":443\"; ma=2592000,h3-Q043=\":443\"; ma=2592000,quic=\":443\"; ma=2592000; v=\"46,43\"","accept-ranges":"none","transfer-encoding":"chunked"}
[warn] !  functions: missing required API cloudbuild.googleapis.com. Enabling now... 
[debug] [2020-06-07T16:05:39.806Z] >>> HTTP REQUEST POST https://serviceusage.googleapis.com/v1/projects/graffity-dev-b0fa1/services/cloudbuild.googleapis.com:enable  
 
[debug] [2020-06-07T16:05:39.813Z] <<< HTTP RESPONSE 200 {"content-type":"application/json; charset=UTF-8","vary":"X-Origin, Referer, Origin,Accept-Encoding","date":"Sun, 07 Jun 2020 16:05:39 GMT","server":"ESF","cache-control":"private","x-xss-protection":"0","x-frame-options":"SAMEORIGIN","x-content-type-options":"nosniff","alt-svc":"h3-27=\":443\"; ma=2592000,h3-25=\":443\"; ma=2592000,h3-T050=\":443\"; ma=2592000,h3-Q050=\":443\"; ma=2592000,h3-Q049=\":443\"; ma=2592000,h3-Q048=\":443\"; ma=2592000,h3-Q046=\":443\"; ma=2592000,h3-Q043=\":443\"; ma=2592000,quic=\":443\"; ma=2592000; v=\"46,43\"","accept-ranges":"none","transfer-encoding":"chunked"}
[debug] [2020-06-07T16:05:39.837Z] <<< HTTP RESPONSE 200 {"content-type":"application/json; charset=UTF-8","vary":"X-Origin, Referer, Origin,Accept-Encoding","date":"Sun, 07 Jun 2020 16:05:39 GMT","server":"ESF","cache-control":"private","x-xss-protection":"0","x-frame-options":"SAMEORIGIN","x-content-type-options":"nosniff","alt-svc":"h3-27=\":443\"; ma=2592000,h3-25=\":443\"; ma=2592000,h3-T050=\":443\"; ma=2592000,h3-Q050=\":443\"; ma=2592000,h3-Q049=\":443\"; ma=2592000,h3-Q048=\":443\"; ma=2592000,h3-Q046=\":443\"; ma=2592000,h3-Q043=\":443\"; ma=2592000,quic=\":443\"; ma=2592000; v=\"46,43\"","accept-ranges":"none","transfer-encoding":"chunked"}
[info] +  functions: required API cloudfunctions.googleapis.com is enabled 
[debug] [2020-06-07T16:05:40.741Z] <<< HTTP RESPONSE 400 {"vary":"X-Origin, Referer, Origin,Accept-Encoding","content-type":"application/json; charset=UTF-8","date":"Sun, 07 Jun 2020 16:05:40 GMT","server":"ESF","cache-control":"private","x-xss-protection":"0","x-frame-options":"SAMEORIGIN","x-content-type-options":"nosniff","alt-svc":"h3-27=\":443\"; ma=2592000,h3-25=\":443\"; ma=2592000,h3-T050=\":443\"; ma=2592000,h3-Q050=\":443\"; ma=2592000,h3-Q049=\":443\"; ma=2592000,h3-Q048=\":443\"; ma=2592000,h3-Q046=\":443\"; ma=2592000,h3-Q043=\":443\"; ma=2592000,quic=\":443\"; ma=2592000; v=\"46,43\"","accept-ranges":"none","transfer-encoding":"chunked"}
[debug] [2020-06-07T16:05:40.741Z] <<< HTTP RESPONSE BODY {"error":{"code":400,"message":"Billing must be enabled for activation of service '[cloudbuild.googleapis.com, containerregistry.googleapis.com]' in project '691484867983' to proceed.","status":"FAILED_PRECONDITION","details":[{"@type":"type.googleapis.com/google.rpc.PreconditionFailure","violations":[{"type":"serviceusage/billing-enabled","subject":"691484867983","description":"billing-enabled: Project's billing account is not found. https://console.developers.google.com/project/691484867983/settings"}]}]}}
[warn] 
[warn] !  functions: Cloud Functions will soon require the pay-as-you-go (Blaze) billing plan to deploy. To avoid service disruption, upgrade before 2020-06-23. For more information, see: https://firebase.google.com/support/faq#functions-runtime 
[warn] 
[debug] [2020-06-07T16:05:40.756Z] >>> HTTP REQUEST GET https://firebase.googleapis.com/v1beta1/projects/graffity-dev-b0fa1/adminSdkConfig  
 
[debug] [2020-06-07T16:05:40.913Z] <<< HTTP RESPONSE 200 {"content-type":"application/json; charset=UTF-8","vary":"X-Origin, Referer, Origin,Accept-Encoding","date":"Sun, 07 Jun 2020 16:05:41 GMT","server":"ESF","cache-control":"private","x-xss-protection":"0","x-frame-options":"SAMEORIGIN","x-content-type-options":"nosniff","alt-svc":"h3-27=\":443\"; ma=2592000,h3-25=\":443\"; ma=2592000,h3-T050=\":443\"; ma=2592000,h3-Q050=\":443\"; ma=2592000,h3-Q049=\":443\"; ma=2592000,h3-Q048=\":443\"; ma=2592000,h3-Q046=\":443\"; ma=2592000,h3-Q043=\":443\"; ma=2592000,quic=\":443\"; ma=2592000; v=\"46,43\"","accept-ranges":"none","transfer-encoding":"chunked"}
[info] i  functions: preparing functions directory for uploading... 
[debug] [2020-06-07T16:05:40.917Z] >>> HTTP REQUEST GET https://runtimeconfig.googleapis.com/v1beta1/projects/graffity-dev-b0fa1/configs  
 
[debug] [2020-06-07T16:05:41.161Z] <<< HTTP RESPONSE 200 {"content-type":"application/json; charset=UTF-8","vary":"X-Origin, Referer, Origin,Accept-Encoding","date":"Sun, 07 Jun 2020 16:05:41 GMT","server":"ESF","cache-control":"private","x-xss-protection":"0","x-frame-options":"SAMEORIGIN","x-content-type-options":"nosniff","alt-svc":"h3-27=\":443\"; ma=2592000,h3-25=\":443\"; ma=2592000,h3-T050=\":443\"; ma=2592000,h3-Q050=\":443\"; ma=2592000,h3-Q049=\":443\"; ma=2592000,h3-Q048=\":443\"; ma=2592000,h3-Q046=\":443\"; ma=2592000,h3-Q043=\":443\"; ma=2592000,quic=\":443\"; ma=2592000; v=\"46,43\"","accept-ranges":"none","transfer-encoding":"chunked"}
[info] i  functions: packaged functions (33.1 KB) for uploading 
[debug] [2020-06-07T16:05:41.692Z] >>> HTTP REQUEST GET https://cloudfunctions.googleapis.com/v1/projects/graffity-dev-b0fa1/locations/-/functions  
 
[debug] [2020-06-07T16:05:42.105Z] <<< HTTP RESPONSE 200 {"content-type":"application/json; charset=UTF-8","vary":"X-Origin, Referer, Origin,Accept-Encoding","date":"Sun, 07 Jun 2020 16:05:42 GMT","server":"ESF","cache-control":"private","x-xss-protection":"0","x-frame-options":"SAMEORIGIN","x-content-type-options":"nosniff","alt-svc":"h3-27=\":443\"; ma=2592000,h3-25=\":443\"; ma=2592000,h3-T050=\":443\"; ma=2592000,h3-Q050=\":443\"; ma=2592000,h3-Q049=\":443\"; ma=2592000,h3-Q048=\":443\"; ma=2592000,h3-Q046=\":443\"; ma=2592000,h3-Q043=\":443\"; ma=2592000,quic=\":443\"; ma=2592000; v=\"46,43\"","accept-ranges":"none","transfer-encoding":"chunked"}
[debug] [2020-06-07T16:05:42.111Z] >>> HTTP REQUEST POST https://cloudfunctions.googleapis.com/v1/projects/graffity-dev-b0fa1/locations/us-central1/functions:generateUploadUrl  
 
[debug] [2020-06-07T16:05:42.581Z] <<< HTTP RESPONSE 200 {"content-type":"application/json; charset=UTF-8","vary":"X-Origin, Referer, Origin,Accept-Encoding","date":"Sun, 07 Jun 2020 16:05:42 GMT","server":"ESF","cache-control":"private","x-xss-protection":"0","x-frame-options":"SAMEORIGIN","x-content-type-options":"nosniff","alt-svc":"h3-27=\":443\"; ma=2592000,h3-25=\":443\"; ma=2592000,h3-T050=\":443\"; ma=2592000,h3-Q050=\":443\"; ma=2592000,h3-Q049=\":443\"; ma=2592000,h3-Q048=\":443\"; ma=2592000,h3-Q046=\":443\"; ma=2592000,h3-Q043=\":443\"; ma=2592000,quic=\":443\"; ma=2592000; v=\"46,43\"","accept-ranges":"none","transfer-encoding":"chunked"}
[debug] [2020-06-07T16:05:42.582Z] >>> HTTP REQUEST PUT https://storage.googleapis.com/gcf-upload-us-central1-59305ca0-d3f7-479c-8541-1bb1369ef1be/7a169f06-aa6c-42ea-93f9-ca6a6a8caf99.zip?GoogleAccessId=service-691484867983@gcf-admin-robot.iam.gserviceaccount.com&Expires=1591547742&Signature=AfZ5SHhc27npAJxZTRTN2zCk8QU0ONxo9NHiQLfPaGK6abZCHREgqULXRVssT8ESf0Kou1khGuAKlkln%2Fi%2BkBDiZLx5zptFDKrE%2Bhj82D93tlK6Q2DqRkmQMjqEyOTbfe3V9Wq6F3fYD5q8ucLf1ocj6lOb9IMKxTUpEI5CEIBobwrP4SdQMkIUIh%2Fcn2Kv2cnV6%2F0D0%2F6y8AOTHrMZyoC9DUMPhSOBDgEqoqXfvfniJQIg%2FPclAA9d0zdmdqdT1GkUGMm74iZVSG%2FuYQentUZ1ZOemg808%2F3UGq2NoR1Uz%2FrswtdifnB86COYr2g9SubJ6ykjnxgFwZLQAiE9%2FOHw%3D%3D  
 <request body omitted>
[debug] [2020-06-07T16:05:42.915Z] <<< HTTP RESPONSE 200 {"x-guploader-uploadid":"AAANsUmuwOBcBAFlGGbBzXGKMR2LJ7ROpO-dtssyXREh8w2WQNEzXpCb1CT8gQrUztB03Yn-X1FFQJTlAto7QyageXR9hKzjHg","etag":"\"9099ca21f46d90d2824cdf62d83d7eec\"","x-goog-generation":"1591545943070575","x-goog-metageneration":"1","x-goog-hash":"crc32c=Pgm46g==, md5=kJnKIfRtkNKCTN9i2D1+7A==","x-goog-stored-content-length":"33895","x-goog-stored-content-encoding":"identity","vary":"Origin","content-length":"0","date":"Sun, 07 Jun 2020 16:05:43 GMT","server":"UploadServer","content-type":"text/html; charset=UTF-8","alt-svc":"h3-27=\":443\"; ma=2592000,h3-25=\":443\"; ma=2592000,h3-T050=\":443\"; ma=2592000,h3-Q050=\":443\"; ma=2592000,h3-Q049=\":443\"; ma=2592000,h3-Q048=\":443\"; ma=2592000,h3-Q046=\":443\"; ma=2592000,h3-Q043=\":443\"; ma=2592000,quic=\":443\"; ma=2592000; v=\"46,43\""}
[info] +  functions: functions folder uploaded successfully 
[info] i  functions: updating Node.js 10 function createWalletOnUserCreate(us-central1)... 
[debug] [2020-06-07T16:05:42.923Z] Trigger is:  {"eventTrigger":{"resource":"projects/graffity-dev-b0fa1","eventType":"providers/firebase.auth/eventTypes/user.create","service":"firebaseauth.googleapis.com"}}
[info] i  functions: updating Node.js 10 function createWallet(us-central1)... 
[debug] [2020-06-07T16:05:42.928Z] Trigger is:  {"httpsTrigger":{}}
[debug] [2020-06-07T16:05:42.930Z] >>> HTTP REQUEST GET https://serviceusage.googleapis.com/v1/projects/graffity-dev-b0fa1/services/cloudscheduler.googleapis.com  
 
[debug] [2020-06-07T16:05:43.683Z] <<< HTTP RESPONSE 200 {"content-type":"application/json; charset=UTF-8","vary":"X-Origin, Referer, Origin,Accept-Encoding","date":"Sun, 07 Jun 2020 16:05:43 GMT","server":"ESF","cache-control":"private","x-xss-protection":"0","x-frame-options":"SAMEORIGIN","x-content-type-options":"nosniff","alt-svc":"h3-27=\":443\"; ma=2592000,h3-25=\":443\"; ma=2592000,h3-T050=\":443\"; ma=2592000,h3-Q050=\":443\"; ma=2592000,h3-Q049=\":443\"; ma=2592000,h3-Q048=\":443\"; ma=2592000,h3-Q046=\":443\"; ma=2592000,h3-Q043=\":443\"; ma=2592000,quic=\":443\"; ma=2592000; v=\"46,43\"","accept-ranges":"none","transfer-encoding":"chunked"}
[debug] [2020-06-07T16:05:43.687Z] >>> HTTP REQUEST PATCH https://cloudfunctions.googleapis.com/v1/projects/graffity-dev-b0fa1/locations/us-central1/functions/createWalletOnUserCreate {"updateMask":"sourceUploadUrl,name,labels,runtime,environmentVariables,eventTrigger.resource,eventTrigger.eventType,eventTrigger.service"} 
 {"sourceUploadUrl":"https://storage.googleapis.com/gcf-upload-us-central1-59305ca0-d3f7-479c-8541-1bb1369ef1be/7a169f06-aa6c-42ea-93f9-ca6a6a8caf99.zip?GoogleAccessId=service-691484867983@gcf-admin-robot.iam.gserviceaccount.com&Expires=1591547742&Signature=AfZ5SHhc27npAJxZTRTN2zCk8QU0ONxo9NHiQLfPaGK6abZCHREgqULXRVssT8ESf0Kou1khGuAKlkln%2Fi%2BkBDiZLx5zptFDKrE%2Bhj82D93tlK6Q2DqRkmQMjqEyOTbfe3V9Wq6F3fYD5q8ucLf1ocj6lOb9IMKxTUpEI5CEIBobwrP4SdQMkIUIh%2Fcn2Kv2cnV6%2F0D0%2F6y8AOTHrMZyoC9DUMPhSOBDgEqoqXfvfniJQIg%2FPclAA9d0zdmdqdT1GkUGMm74iZVSG%2FuYQentUZ1ZOemg808%2F3UGq2NoR1Uz%2FrswtdifnB86COYr2g9SubJ6ykjnxgFwZLQAiE9%2FOHw%3D%3D","name":"projects/graffity-dev-b0fa1/locations/us-central1/functions/createWalletOnUserCreate","labels":{"deployment-tool":"cli-firebase"},"eventTrigger":{"resource":"projects/graffity-dev-b0fa1","eventType":"providers/firebase.auth/eventTypes/user.create","service":"firebaseauth.googleapis.com"},"runtime":"nodejs10","environmentVariables":{"FIREBASE_CONFIG":"{\"projectId\":\"graffity-dev-b0fa1\",\"databaseURL\":\"https://graffity-dev-b0fa1.firebaseio.com\",\"storageBucket\":\"graffity-dev-b0fa1.appspot.com\",\"locationId\":\"us-central\"}"}}
[debug] [2020-06-07T16:05:43.690Z] >>> HTTP REQUEST PATCH https://cloudfunctions.googleapis.com/v1/projects/graffity-dev-b0fa1/locations/us-central1/functions/createWallet {"updateMask":"sourceUploadUrl,name,labels,runtime,environmentVariables,httpsTrigger"} 
 {"sourceUploadUrl":"https://storage.googleapis.com/gcf-upload-us-central1-59305ca0-d3f7-479c-8541-1bb1369ef1be/7a169f06-aa6c-42ea-93f9-ca6a6a8caf99.zip?GoogleAccessId=service-691484867983@gcf-admin-robot.iam.gserviceaccount.com&Expires=1591547742&Signature=AfZ5SHhc27npAJxZTRTN2zCk8QU0ONxo9NHiQLfPaGK6abZCHREgqULXRVssT8ESf0Kou1khGuAKlkln%2Fi%2BkBDiZLx5zptFDKrE%2Bhj82D93tlK6Q2DqRkmQMjqEyOTbfe3V9Wq6F3fYD5q8ucLf1ocj6lOb9IMKxTUpEI5CEIBobwrP4SdQMkIUIh%2Fcn2Kv2cnV6%2F0D0%2F6y8AOTHrMZyoC9DUMPhSOBDgEqoqXfvfniJQIg%2FPclAA9d0zdmdqdT1GkUGMm74iZVSG%2FuYQentUZ1ZOemg808%2F3UGq2NoR1Uz%2FrswtdifnB86COYr2g9SubJ6ykjnxgFwZLQAiE9%2FOHw%3D%3D","name":"projects/graffity-dev-b0fa1/locations/us-central1/functions/createWallet","labels":{"deployment-tool":"cli-firebase","deployment-callable":"true"},"httpsTrigger":{},"runtime":"nodejs10","environmentVariables":{"FIREBASE_CONFIG":"{\"projectId\":\"graffity-dev-b0fa1\",\"databaseURL\":\"https://graffity-dev-b0fa1.firebaseio.com\",\"storageBucket\":\"graffity-dev-b0fa1.appspot.com\",\"locationId\":\"us-central\"}"}}
[debug] [2020-06-07T16:05:44.049Z] <<< HTTP RESPONSE 400 {"vary":"X-Origin, Referer, Origin,Accept-Encoding","content-type":"application/json; charset=UTF-8","date":"Sun, 07 Jun 2020 16:05:44 GMT","server":"ESF","cache-control":"private","x-xss-protection":"0","x-frame-options":"SAMEORIGIN","x-content-type-options":"nosniff","alt-svc":"h3-27=\":443\"; ma=2592000,h3-25=\":443\"; ma=2592000,h3-T050=\":443\"; ma=2592000,h3-Q050=\":443\"; ma=2592000,h3-Q049=\":443\"; ma=2592000,h3-Q048=\":443\"; ma=2592000,h3-Q046=\":443\"; ma=2592000,h3-Q043=\":443\"; ma=2592000,quic=\":443\"; ma=2592000; v=\"46,43\"","accept-ranges":"none","transfer-encoding":"chunked"}
[debug] [2020-06-07T16:05:44.049Z] <<< HTTP RESPONSE BODY {"error":{"code":400,"message":"Change of function trigger type or event provider is not allowed","status":"FAILED_PRECONDITION"}}
[warn] !  functions: failed to update function createWallet 
[info] HTTP Error: 400, Change of function trigger type or event provider is not allowed
[debug] [2020-06-07T16:05:44.082Z] <<< HTTP RESPONSE 200 {"content-type":"application/json; charset=UTF-8","vary":"X-Origin, Referer, Origin,Accept-Encoding","date":"Sun, 07 Jun 2020 16:05:44 GMT","server":"ESF","cache-control":"private","x-xss-protection":"0","x-frame-options":"SAMEORIGIN","x-content-type-options":"nosniff","alt-svc":"h3-27=\":443\"; ma=2592000,h3-25=\":443\"; ma=2592000,h3-T050=\":443\"; ma=2592000,h3-Q050=\":443\"; ma=2592000,h3-Q049=\":443\"; ma=2592000,h3-Q048=\":443\"; ma=2592000,h3-Q046=\":443\"; ma=2592000,h3-Q043=\":443\"; ma=2592000,quic=\":443\"; ma=2592000; v=\"46,43\"","accept-ranges":"none","transfer-encoding":"chunked"}
[debug] [2020-06-07T16:05:44.085Z] >>> HTTP REQUEST GET https://cloudfunctions.googleapis.com/v1/operations/Z3JhZmZpdHktZGV2LWIwZmExL3VzLWNlbnRyYWwxL2NyZWF0ZVdhbGxldE9uVXNlckNyZWF0ZS94MHZTekl3dnNHUQ  
 
[debug] [2020-06-07T16:05:44.303Z] <<< HTTP RESPONSE 200 {"content-type":"application/json; charset=UTF-8","vary":"X-Origin, Referer, Origin,Accept-Encoding","date":"Sun, 07 Jun 2020 16:05:44 GMT","server":"ESF","cache-control":"private","x-xss-protection":"0","x-frame-options":"SAMEORIGIN","x-content-type-options":"nosniff","alt-svc":"h3-27=\":443\"; ma=2592000,h3-25=\":443\"; ma=2592000,h3-T050=\":443\"; ma=2592000,h3-Q050=\":443\"; ma=2592000,h3-Q049=\":443\"; ma=2592000,h3-Q048=\":443\"; ma=2592000,h3-Q046=\":443\"; ma=2592000,h3-Q043=\":443\"; ma=2592000,quic=\":443\"; ma=2592000; v=\"46,43\"","accept-ranges":"none","transfer-encoding":"chunked"}
[debug] [2020-06-07T16:05:46.306Z] >>> HTTP REQUEST GET https://cloudfunctions.googleapis.com/v1/operations/Z3JhZmZpdHktZGV2LWIwZmExL3VzLWNlbnRyYWwxL2NyZWF0ZVdhbGxldE9uVXNlckNyZWF0ZS94MHZTekl3dnNHUQ  
 
[debug] [2020-06-07T16:05:46.553Z] <<< HTTP RESPONSE 200 {"content-type":"application/json; charset=UTF-8","vary":"X-Origin, Referer, Origin,Accept-Encoding","date":"Sun, 07 Jun 2020 16:05:46 GMT","server":"ESF","cache-control":"private","x-xss-protection":"0","x-frame-options":"SAMEORIGIN","x-content-type-options":"nosniff","alt-svc":"h3-27=\":443\"; ma=2592000,h3-25=\":443\"; ma=2592000,h3-T050=\":443\"; ma=2592000,h3-Q050=\":443\"; ma=2592000,h3-Q049=\":443\"; ma=2592000,h3-Q048=\":443\"; ma=2592000,h3-Q046=\":443\"; ma=2592000,h3-Q043=\":443\"; ma=2592000,quic=\":443\"; ma=2592000; v=\"46,43\"","accept-ranges":"none","transfer-encoding":"chunked"}
[debug] [2020-06-07T16:05:48.554Z] >>> HTTP REQUEST GET https://cloudfunctions.googleapis.com/v1/operations/Z3JhZmZpdHktZGV2LWIwZmExL3VzLWNlbnRyYWwxL2NyZWF0ZVdhbGxldE9uVXNlckNyZWF0ZS94MHZTekl3dnNHUQ  
 
[debug] [2020-06-07T16:05:48.794Z] <<< HTTP RESPONSE 200 {"content-type":"application/json; charset=UTF-8","vary":"X-Origin, Referer, Origin,Accept-Encoding","date":"Sun, 07 Jun 2020 16:05:49 GMT","server":"ESF","cache-control":"private","x-xss-protection":"0","x-frame-options":"SAMEORIGIN","x-content-type-options":"nosniff","alt-svc":"h3-27=\":443\"; ma=2592000,h3-25=\":443\"; ma=2592000,h3-T050=\":443\"; ma=2592000,h3-Q050=\":443\"; ma=2592000,h3-Q049=\":443\"; ma=2592000,h3-Q048=\":443\"; ma=2592000,h3-Q046=\":443\"; ma=2592000,h3-Q043=\":443\"; ma=2592000,quic=\":443\"; ma=2592000; v=\"46,43\"","accept-ranges":"none","transfer-encoding":"chunked"}
[debug] [2020-06-07T16:05:50.795Z] >>> HTTP REQUEST GET https://cloudfunctions.googleapis.com/v1/operations/Z3JhZmZpdHktZGV2LWIwZmExL3VzLWNlbnRyYWwxL2NyZWF0ZVdhbGxldE9uVXNlckNyZWF0ZS94MHZTekl3dnNHUQ  
 
[debug] [2020-06-07T16:05:51.004Z] <<< HTTP RESPONSE 200 {"content-type":"application/json; charset=UTF-8","vary":"X-Origin, Referer, Origin,Accept-Encoding","date":"Sun, 07 Jun 2020 16:05:51 GMT","server":"ESF","cache-control":"private","x-xss-protection":"0","x-frame-options":"SAMEORIGIN","x-content-type-options":"nosniff","alt-svc":"h3-27=\":443\"; ma=2592000,h3-25=\":443\"; ma=2592000,h3-T050=\":443\"; ma=2592000,h3-Q050=\":443\"; ma=2592000,h3-Q049=\":443\"; ma=2592000,h3-Q048=\":443\"; ma=2592000,h3-Q046=\":443\"; ma=2592000,h3-Q043=\":443\"; ma=2592000,quic=\":443\"; ma=2592000; v=\"46,43\"","accept-ranges":"none","transfer-encoding":"chunked"}
[debug] [2020-06-07T16:08:17.513Z] ----------------------------------------------------------------------
[debug] [2020-06-07T16:08:17.515Z] Command:       C:\Program Files\nodejs\node.exe C:\Users\cedric\AppData\Roaming\npm\node_modules\firebase-tools\lib\bin\firebase.js deploy --only functions
[debug] [2020-06-07T16:08:17.516Z] CLI Version:   8.4.1
[debug] [2020-06-07T16:08:17.516Z] Platform:      win32
[debug] [2020-06-07T16:08:17.516Z] Node Version:  v13.11.0
[debug] [2020-06-07T16:08:17.517Z] Time:          Sun Jun 07 2020 18:08:17 GMT+0200 (Central European Summer Time)
[debug] [2020-06-07T16:08:17.517Z] ----------------------------------------------------------------------
[debug] [2020-06-07T16:08:17.517Z] 
[debug] [2020-06-07T16:08:17.525Z] > command requires scopes: ["email","openid","https://www.googleapis.com/auth/cloudplatformprojects.readonly","https://www.googleapis.com/auth/firebase","https://www.googleapis.com/auth/cloud-platform"]
[debug] [2020-06-07T16:08:17.526Z] > authorizing via signed-in user
[debug] [2020-06-07T16:08:17.526Z] [iam] checking project graffity-dev-b0fa1 for permissions ["cloudfunctions.functions.create","cloudfunctions.functions.delete","cloudfunctions.functions.get","cloudfunctions.functions.list","cloudfunctions.functions.update","cloudfunctions.operations.get","firebase.projects.get"]
[debug] [2020-06-07T16:08:17.529Z] >>> HTTP REQUEST POST https://cloudresourcemanager.googleapis.com/v1/projects/graffity-dev-b0fa1:testIamPermissions  
 {"permissions":["cloudfunctions.functions.create","cloudfunctions.functions.delete","cloudfunctions.functions.get","cloudfunctions.functions.list","cloudfunctions.functions.update","cloudfunctions.operations.get","firebase.projects.get"]}
[debug] [2020-06-07T16:08:17.773Z] <<< HTTP RESPONSE 200 {"content-type":"application/json; charset=UTF-8","vary":"X-Origin, Referer, Origin,Accept-Encoding","date":"Sun, 07 Jun 2020 16:08:17 GMT","server":"ESF","cache-control":"private","x-xss-protection":"0","x-frame-options":"SAMEORIGIN","x-content-type-options":"nosniff","server-timing":"gfet4t7; dur=124","alt-svc":"h3-27=\":443\"; ma=2592000,h3-25=\":443\"; ma=2592000,h3-T050=\":443\"; ma=2592000,h3-Q050=\":443\"; ma=2592000,h3-Q049=\":443\"; ma=2592000,h3-Q048=\":443\"; ma=2592000,h3-Q046=\":443\"; ma=2592000,h3-Q043=\":443\"; ma=2592000,quic=\":443\"; ma=2592000; v=\"46,43\"","accept-ranges":"none","transfer-encoding":"chunked"}
[debug] [2020-06-07T16:08:17.778Z] >>> HTTP REQUEST POST https://iam.googleapis.com/v1/projects/graffity-dev-b0fa1/serviceAccounts/graffity-dev-b0fa1@appspot.gserviceaccount.com:testIamPermissions  
 {"permissions":["iam.serviceAccounts.actAs"]}
[debug] [2020-06-07T16:08:18.447Z] <<< HTTP RESPONSE 200 {"content-type":"application/json; charset=UTF-8","vary":"X-Origin, Referer, Origin,Accept-Encoding","date":"Sun, 07 Jun 2020 16:08:18 GMT","server":"ESF","cache-control":"private","x-xss-protection":"0","x-frame-options":"SAMEORIGIN","x-content-type-options":"nosniff","alt-svc":"h3-27=\":443\"; ma=2592000,h3-25=\":443\"; ma=2592000,h3-T050=\":443\"; ma=2592000,h3-Q050=\":443\"; ma=2592000,h3-Q049=\":443\"; ma=2592000,h3-Q048=\":443\"; ma=2592000,h3-Q046=\":443\"; ma=2592000,h3-Q043=\":443\"; ma=2592000,quic=\":443\"; ma=2592000; v=\"46,43\"","accept-ranges":"none","transfer-encoding":"chunked"}
[info] 
[info] === Deploying to 'graffity-dev-b0fa1'...
[info] 
[info] i  deploying functions 
[info] Running command: npm --prefix "$RESOURCE_DIR" run build
[info] +  functions: Finished running predeploy script. 
[debug] [2020-06-07T16:08:27.053Z] > [functions] package.json contents: {
  "name": "functions",
  "scripts": {
    "build": "tsc",
    "serve": "npm run build && firebase emulators:start --only functions",
    "shell": "npm run build && firebase functions:shell",
    "start": "npm run shell",
    "deploy": "firebase deploy --only functions",
    "logs": "firebase functions:log"
  },
  "engines": {
    "node": "10"
  },
  "main": "lib/functions/src/index.js",
  "dependencies": {
    "crypto-js": "^4.0.0",
    "firebase-admin": "^8.12.1",
    "firebase-functions": "^3.3.0",
    "nanocurrency-web": "^1.2.1",
    "uuid": "^8.1.0"
  },
  "devDependencies": {
    "@types/crypto-js": "^3.1.47",
    "@types/uuid": "^8.0.0",
    "firebase-functions-test": "^0.1.6",
    "typescript": "^3.2.2"
  },
  "private": true
}
[info] i  functions: ensuring required API cloudfunctions.googleapis.com is enabled... 
[debug] [2020-06-07T16:08:28.616Z] [functions] runtime dependency check dates: warning: 2020-05-21T00:00:00.000Z error: 2020-06-23T00:00:00.000Z
[info] i  functions: ensuring required API cloudbuild.googleapis.com is enabled... 
[debug] [2020-06-07T16:08:28.617Z] >>> HTTP REQUEST GET https://serviceusage.googleapis.com/v1/projects/graffity-dev-b0fa1/services/cloudfunctions.googleapis.com  
 
[debug] [2020-06-07T16:08:28.617Z] >>> HTTP REQUEST GET https://serviceusage.googleapis.com/v1/projects/graffity-dev-b0fa1/services/runtimeconfig.googleapis.com  
 
[debug] [2020-06-07T16:08:28.618Z] >>> HTTP REQUEST GET https://serviceusage.googleapis.com/v1/projects/graffity-dev-b0fa1/services/cloudbuild.googleapis.com  
 
[debug] [2020-06-07T16:08:28.941Z] <<< HTTP RESPONSE 200 {"content-type":"application/json; charset=UTF-8","vary":"X-Origin, Referer, Origin,Accept-Encoding","date":"Sun, 07 Jun 2020 16:08:29 GMT","server":"ESF","cache-control":"private","x-xss-protection":"0","x-frame-options":"SAMEORIGIN","x-content-type-options":"nosniff","alt-svc":"h3-27=\":443\"; ma=2592000,h3-25=\":443\"; ma=2592000,h3-T050=\":443\"; ma=2592000,h3-Q050=\":443\"; ma=2592000,h3-Q049=\":443\"; ma=2592000,h3-Q048=\":443\"; ma=2592000,h3-Q046=\":443\"; ma=2592000,h3-Q043=\":443\"; ma=2592000,quic=\":443\"; ma=2592000; v=\"46,43\"","accept-ranges":"none","transfer-encoding":"chunked"}
[warn] !  functions: missing required API cloudbuild.googleapis.com. Enabling now... 
[debug] [2020-06-07T16:08:28.945Z] >>> HTTP REQUEST POST https://serviceusage.googleapis.com/v1/projects/graffity-dev-b0fa1/services/cloudbuild.googleapis.com:enable  
 
[debug] [2020-06-07T16:08:29.383Z] <<< HTTP RESPONSE 200 {"content-type":"application/json; charset=UTF-8","vary":"X-Origin, Referer, Origin,Accept-Encoding","date":"Sun, 07 Jun 2020 16:08:29 GMT","server":"ESF","cache-control":"private","x-xss-protection":"0","x-frame-options":"SAMEORIGIN","x-content-type-options":"nosniff","alt-svc":"h3-27=\":443\"; ma=2592000,h3-25=\":443\"; ma=2592000,h3-T050=\":443\"; ma=2592000,h3-Q050=\":443\"; ma=2592000,h3-Q049=\":443\"; ma=2592000,h3-Q048=\":443\"; ma=2592000,h3-Q046=\":443\"; ma=2592000,h3-Q043=\":443\"; ma=2592000,quic=\":443\"; ma=2592000; v=\"46,43\"","accept-ranges":"none","transfer-encoding":"chunked"}
[debug] [2020-06-07T16:08:29.403Z] <<< HTTP RESPONSE 200 {"content-type":"application/json; charset=UTF-8","vary":"X-Origin, Referer, Origin,Accept-Encoding","date":"Sun, 07 Jun 2020 16:08:29 GMT","server":"ESF","cache-control":"private","x-xss-protection":"0","x-frame-options":"SAMEORIGIN","x-content-type-options":"nosniff","alt-svc":"h3-27=\":443\"; ma=2592000,h3-25=\":443\"; ma=2592000,h3-T050=\":443\"; ma=2592000,h3-Q050=\":443\"; ma=2592000,h3-Q049=\":443\"; ma=2592000,h3-Q048=\":443\"; ma=2592000,h3-Q046=\":443\"; ma=2592000,h3-Q043=\":443\"; ma=2592000,quic=\":443\"; ma=2592000; v=\"46,43\"","accept-ranges":"none","transfer-encoding":"chunked"}
[info] +  functions: required API cloudfunctions.googleapis.com is enabled 
[debug] [2020-06-07T16:08:29.878Z] <<< HTTP RESPONSE 400 {"vary":"X-Origin, Referer, Origin,Accept-Encoding","content-type":"application/json; charset=UTF-8","date":"Sun, 07 Jun 2020 16:08:30 GMT","server":"ESF","cache-control":"private","x-xss-protection":"0","x-frame-options":"SAMEORIGIN","x-content-type-options":"nosniff","alt-svc":"h3-27=\":443\"; ma=2592000,h3-25=\":443\"; ma=2592000,h3-T050=\":443\"; ma=2592000,h3-Q050=\":443\"; ma=2592000,h3-Q049=\":443\"; ma=2592000,h3-Q048=\":443\"; ma=2592000,h3-Q046=\":443\"; ma=2592000,h3-Q043=\":443\"; ma=2592000,quic=\":443\"; ma=2592000; v=\"46,43\"","accept-ranges":"none","transfer-encoding":"chunked"}
[debug] [2020-06-07T16:08:29.878Z] <<< HTTP RESPONSE BODY {"error":{"code":400,"message":"Billing must be enabled for activation of service '[cloudbuild.googleapis.com, containerregistry.googleapis.com]' in project '691484867983' to proceed.","status":"FAILED_PRECONDITION","details":[{"@type":"type.googleapis.com/google.rpc.PreconditionFailure","violations":[{"type":"serviceusage/billing-enabled","subject":"691484867983","description":"billing-enabled: Project's billing account is not found. https://console.developers.google.com/project/691484867983/settings"}]}]}}
[warn] 
[warn] !  functions: Cloud Functions will soon require the pay-as-you-go (Blaze) billing plan to deploy. To avoid service disruption, upgrade before 2020-06-23. For more information, see: https://firebase.google.com/support/faq#functions-runtime 
[warn] 
[debug] [2020-06-07T16:08:29.884Z] >>> HTTP REQUEST GET https://firebase.googleapis.com/v1beta1/projects/graffity-dev-b0fa1/adminSdkConfig  
 
[debug] [2020-06-07T16:08:30.125Z] <<< HTTP RESPONSE 200 {"content-type":"application/json; charset=UTF-8","vary":"X-Origin, Referer, Origin,Accept-Encoding","date":"Sun, 07 Jun 2020 16:08:30 GMT","server":"ESF","cache-control":"private","x-xss-protection":"0","x-frame-options":"SAMEORIGIN","x-content-type-options":"nosniff","alt-svc":"h3-27=\":443\"; ma=2592000,h3-25=\":443\"; ma=2592000,h3-T050=\":443\"; ma=2592000,h3-Q050=\":443\"; ma=2592000,h3-Q049=\":443\"; ma=2592000,h3-Q048=\":443\"; ma=2592000,h3-Q046=\":443\"; ma=2592000,h3-Q043=\":443\"; ma=2592000,quic=\":443\"; ma=2592000; v=\"46,43\"","accept-ranges":"none","transfer-encoding":"chunked"}
[info] i  functions: preparing functions directory for uploading... 
[debug] [2020-06-07T16:08:30.129Z] >>> HTTP REQUEST GET https://runtimeconfig.googleapis.com/v1beta1/projects/graffity-dev-b0fa1/configs  
 
[debug] [2020-06-07T16:08:30.895Z] <<< HTTP RESPONSE 200 {"content-type":"application/json; charset=UTF-8","vary":"X-Origin, Referer, Origin,Accept-Encoding","date":"Sun, 07 Jun 2020 16:08:31 GMT","server":"ESF","cache-control":"private","x-xss-protection":"0","x-frame-options":"SAMEORIGIN","x-content-type-options":"nosniff","alt-svc":"h3-27=\":443\"; ma=2592000,h3-25=\":443\"; ma=2592000,h3-T050=\":443\"; ma=2592000,h3-Q050=\":443\"; ma=2592000,h3-Q049=\":443\"; ma=2592000,h3-Q048=\":443\"; ma=2592000,h3-Q046=\":443\"; ma=2592000,h3-Q043=\":443\"; ma=2592000,quic=\":443\"; ma=2592000; v=\"46,43\"","accept-ranges":"none","transfer-encoding":"chunked"}
[info] i  functions: packaged functions (33.22 KB) for uploading 
[debug] [2020-06-07T16:08:31.439Z] >>> HTTP REQUEST GET https://cloudfunctions.googleapis.com/v1/projects/graffity-dev-b0fa1/locations/-/functions  
 
[debug] [2020-06-07T16:08:31.885Z] <<< HTTP RESPONSE 200 {"content-type":"application/json; charset=UTF-8","vary":"X-Origin, Referer, Origin,Accept-Encoding","date":"Sun, 07 Jun 2020 16:08:32 GMT","server":"ESF","cache-control":"private","x-xss-protection":"0","x-frame-options":"SAMEORIGIN","x-content-type-options":"nosniff","alt-svc":"h3-27=\":443\"; ma=2592000,h3-25=\":443\"; ma=2592000,h3-T050=\":443\"; ma=2592000,h3-Q050=\":443\"; ma=2592000,h3-Q049=\":443\"; ma=2592000,h3-Q048=\":443\"; ma=2592000,h3-Q046=\":443\"; ma=2592000,h3-Q043=\":443\"; ma=2592000,quic=\":443\"; ma=2592000; v=\"46,43\"","accept-ranges":"none","transfer-encoding":"chunked"}
[debug] [2020-06-07T16:08:31.891Z] [functions] found 1 new HTTP functions, testing setIamPolicy permission...
[debug] [2020-06-07T16:08:31.892Z] >>> HTTP REQUEST POST https://cloudresourcemanager.googleapis.com/v1/projects/graffity-dev-b0fa1:testIamPermissions  
 {"permissions":["cloudfunctions.functions.setIamPolicy"]}
[debug] [2020-06-07T16:08:32.535Z] <<< HTTP RESPONSE 200 {"content-type":"application/json; charset=UTF-8","vary":"X-Origin, Referer, Origin,Accept-Encoding","date":"Sun, 07 Jun 2020 16:08:32 GMT","server":"ESF","cache-control":"private","x-xss-protection":"0","x-frame-options":"SAMEORIGIN","x-content-type-options":"nosniff","server-timing":"gfet4t7; dur=599","alt-svc":"h3-27=\":443\"; ma=2592000,h3-25=\":443\"; ma=2592000,h3-T050=\":443\"; ma=2592000,h3-Q050=\":443\"; ma=2592000,h3-Q049=\":443\"; ma=2592000,h3-Q048=\":443\"; ma=2592000,h3-Q046=\":443\"; ma=2592000,h3-Q043=\":443\"; ma=2592000,quic=\":443\"; ma=2592000; v=\"46,43\"","accept-ranges":"none","transfer-encoding":"chunked"}
[debug] [2020-06-07T16:08:32.536Z] [functions] found setIamPolicy permission, proceeding with deploy
[debug] [2020-06-07T16:08:32.537Z] >>> HTTP REQUEST POST https://cloudfunctions.googleapis.com/v1/projects/graffity-dev-b0fa1/locations/us-central1/functions:generateUploadUrl  
 
[debug] [2020-06-07T16:08:33.119Z] <<< HTTP RESPONSE 200 {"content-type":"application/json; charset=UTF-8","vary":"X-Origin, Referer, Origin,Accept-Encoding","date":"Sun, 07 Jun 2020 16:08:33 GMT","server":"ESF","cache-control":"private","x-xss-protection":"0","x-frame-options":"SAMEORIGIN","x-content-type-options":"nosniff","alt-svc":"h3-27=\":443\"; ma=2592000,h3-25=\":443\"; ma=2592000,h3-T050=\":443\"; ma=2592000,h3-Q050=\":443\"; ma=2592000,h3-Q049=\":443\"; ma=2592000,h3-Q048=\":443\"; ma=2592000,h3-Q046=\":443\"; ma=2592000,h3-Q043=\":443\"; ma=2592000,quic=\":443\"; ma=2592000; v=\"46,43\"","accept-ranges":"none","transfer-encoding":"chunked"}
[debug] [2020-06-07T16:08:33.120Z] >>> HTTP REQUEST PUT https://storage.googleapis.com/gcf-upload-us-central1-59305ca0-d3f7-479c-8541-1bb1369ef1be/122a3a0f-6c25-4a99-a3dd-2d2fa42ebebc.zip?GoogleAccessId=service-691484867983@gcf-admin-robot.iam.gserviceaccount.com&Expires=1591547913&Signature=Q%2B66mhAjT8EU7XYv1m3XhaCd4xbVWsV7Sn0OrOWDVVusIpZEmoJpnh1zvuSY4e9KakL3VY1lRhnt2Ei4MjFNlRQlZNc6ViKhZ%2BpYcxgniwErQqKoTUJu1L%2Fl1eHdvpYcWC7aOtZdQ%2F1yT%2BbJMKmf1IoULUdYwXlVd6gVoNdAIbTRwy3TawE4jj3yrSrXjHcmOZGbyj30XFpJRfUfwRJO1L1y2zNGt%2FJFPjdAoFZgYwrWiK36XTyN1xn5M71fcCeT%2BfibFnrJbSQIJzZQ4Wdwm%2BkYecGnndagquce99e871tCU92230tcqO6C3QffBeWeKOutp7ylDgFxLgQ18rc78w%3D%3D  
 <request body omitted>
[debug] [2020-06-07T16:08:33.425Z] <<< HTTP RESPONSE 200 {"x-guploader-uploadid":"AAANsUnc7Qf03dGaoP86U6Ukl-Z0IqCpPG71VeiD8paxfDra2krsIhwHlcrCrMYx_9cREGGZ7g9qxNkrusflyKmt05A","etag":"\"7122560a2b6337494976048086fd8d92\"","x-goog-generation":"1591546113577558","x-goog-metageneration":"1","x-goog-hash":"crc32c=9WQ9sw==, md5=cSJWCitjN0lJdgSAhv2Nkg==","x-goog-stored-content-length":"34020","x-goog-stored-content-encoding":"identity","vary":"Origin","content-length":"0","date":"Sun, 07 Jun 2020 16:08:33 GMT","server":"UploadServer","content-type":"text/html; charset=UTF-8","alt-svc":"h3-27=\":443\"; ma=2592000,h3-25=\":443\"; ma=2592000,h3-T050=\":443\"; ma=2592000,h3-Q050=\":443\"; ma=2592000,h3-Q049=\":443\"; ma=2592000,h3-Q048=\":443\"; ma=2592000,h3-Q046=\":443\"; ma=2592000,h3-Q043=\":443\"; ma=2592000,quic=\":443\"; ma=2592000; v=\"46,43\""}
[info] +  functions: functions folder uploaded successfully 
[info] i  functions: creating Node.js 10 function createWalletIfNotExist(us-central1)... 
[debug] [2020-06-07T16:08:33.434Z] Trigger is:  {"httpsTrigger":{}}
[info] i  functions: updating Node.js 10 function createWalletOnUserCreate(us-central1)... 
[debug] [2020-06-07T16:08:33.438Z] Trigger is:  {"eventTrigger":{"resource":"projects/graffity-dev-b0fa1","eventType":"providers/firebase.auth/eventTypes/user.create","service":"firebaseauth.googleapis.com"}}
[info] 
The following functions are found in your project but do not exist in your local source code:
	createWallet(us-central1)

If you are renaming a function or changing its region, it is recommended that you create the new function first before deleting the old one to prevent event loss. For more info, visit https://firebase.google.com/docs/functions/manage-functions#modify

[info] i  functions: deleting function createWallet(us-central1)... 
[debug] [2020-06-07T16:09:01.871Z] >>> HTTP REQUEST GET https://serviceusage.googleapis.com/v1/projects/graffity-dev-b0fa1/services/cloudscheduler.googleapis.com  
 
[debug] [2020-06-07T16:09:02.612Z] <<< HTTP RESPONSE 200 {"content-type":"application/json; charset=UTF-8","vary":"X-Origin, Referer, Origin,Accept-Encoding","date":"Sun, 07 Jun 2020 16:09:02 GMT","server":"ESF","cache-control":"private","x-xss-protection":"0","x-frame-options":"SAMEORIGIN","x-content-type-options":"nosniff","alt-svc":"h3-27=\":443\"; ma=2592000,h3-25=\":443\"; ma=2592000,h3-T050=\":443\"; ma=2592000,h3-Q050=\":443\"; ma=2592000,h3-Q049=\":443\"; ma=2592000,h3-Q048=\":443\"; ma=2592000,h3-Q046=\":443\"; ma=2592000,h3-Q043=\":443\"; ma=2592000,quic=\":443\"; ma=2592000; v=\"46,43\"","accept-ranges":"none","transfer-encoding":"chunked"}
[debug] [2020-06-07T16:09:02.617Z] >>> HTTP REQUEST POST https://cloudfunctions.googleapis.com/v1/projects/graffity-dev-b0fa1/locations/us-central1/functions  
 {"sourceUploadUrl":"https://storage.googleapis.com/gcf-upload-us-central1-59305ca0-d3f7-479c-8541-1bb1369ef1be/122a3a0f-6c25-4a99-a3dd-2d2fa42ebebc.zip?GoogleAccessId=service-691484867983@gcf-admin-robot.iam.gserviceaccount.com&Expires=1591547913&Signature=Q%2B66mhAjT8EU7XYv1m3XhaCd4xbVWsV7Sn0OrOWDVVusIpZEmoJpnh1zvuSY4e9KakL3VY1lRhnt2Ei4MjFNlRQlZNc6ViKhZ%2BpYcxgniwErQqKoTUJu1L%2Fl1eHdvpYcWC7aOtZdQ%2F1yT%2BbJMKmf1IoULUdYwXlVd6gVoNdAIbTRwy3TawE4jj3yrSrXjHcmOZGbyj30XFpJRfUfwRJO1L1y2zNGt%2FJFPjdAoFZgYwrWiK36XTyN1xn5M71fcCeT%2BfibFnrJbSQIJzZQ4Wdwm%2BkYecGnndagquce99e871tCU92230tcqO6C3QffBeWeKOutp7ylDgFxLgQ18rc78w%3D%3D","name":"projects/graffity-dev-b0fa1/locations/us-central1/functions/createWalletIfNotExist","entryPoint":"createWalletIfNotExist","labels":{"deployment-tool":"cli-firebase","deployment-callable":"true"},"runtime":"nodejs10","environmentVariables":{"FIREBASE_CONFIG":"{\"projectId\":\"graffity-dev-b0fa1\",\"databaseURL\":\"https://graffity-dev-b0fa1.firebaseio.com\",\"storageBucket\":\"graffity-dev-b0fa1.appspot.com\",\"locationId\":\"us-central\"}"},"httpsTrigger":{}}
[debug] [2020-06-07T16:09:02.619Z] >>> HTTP REQUEST PATCH https://cloudfunctions.googleapis.com/v1/projects/graffity-dev-b0fa1/locations/us-central1/functions/createWalletOnUserCreate {"updateMask":"sourceUploadUrl,name,labels,runtime,environmentVariables,eventTrigger.resource,eventTrigger.eventType,eventTrigger.service"} 
 {"sourceUploadUrl":"https://storage.googleapis.com/gcf-upload-us-central1-59305ca0-d3f7-479c-8541-1bb1369ef1be/122a3a0f-6c25-4a99-a3dd-2d2fa42ebebc.zip?GoogleAccessId=service-691484867983@gcf-admin-robot.iam.gserviceaccount.com&Expires=1591547913&Signature=Q%2B66mhAjT8EU7XYv1m3XhaCd4xbVWsV7Sn0OrOWDVVusIpZEmoJpnh1zvuSY4e9KakL3VY1lRhnt2Ei4MjFNlRQlZNc6ViKhZ%2BpYcxgniwErQqKoTUJu1L%2Fl1eHdvpYcWC7aOtZdQ%2F1yT%2BbJMKmf1IoULUdYwXlVd6gVoNdAIbTRwy3TawE4jj3yrSrXjHcmOZGbyj30XFpJRfUfwRJO1L1y2zNGt%2FJFPjdAoFZgYwrWiK36XTyN1xn5M71fcCeT%2BfibFnrJbSQIJzZQ4Wdwm%2BkYecGnndagquce99e871tCU92230tcqO6C3QffBeWeKOutp7ylDgFxLgQ18rc78w%3D%3D","name":"projects/graffity-dev-b0fa1/locations/us-central1/functions/createWalletOnUserCreate","labels":{"deployment-tool":"cli-firebase"},"eventTrigger":{"resource":"projects/graffity-dev-b0fa1","eventType":"providers/firebase.auth/eventTypes/user.create","service":"firebaseauth.googleapis.com"},"runtime":"nodejs10","environmentVariables":{"FIREBASE_CONFIG":"{\"projectId\":\"graffity-dev-b0fa1\",\"databaseURL\":\"https://graffity-dev-b0fa1.firebaseio.com\",\"storageBucket\":\"graffity-dev-b0fa1.appspot.com\",\"locationId\":\"us-central\"}"}}
[debug] [2020-06-07T16:09:02.622Z] >>> HTTP REQUEST DELETE https://cloudfunctions.googleapis.com/v1/projects/graffity-dev-b0fa1/locations/us-central1/functions/createWallet  
 
[debug] [2020-06-07T16:09:02.898Z] <<< HTTP RESPONSE 404 {"vary":"X-Origin, Referer, Origin,Accept-Encoding","content-type":"application/json; charset=UTF-8","date":"Sun, 07 Jun 2020 16:09:03 GMT","server":"ESF","cache-control":"private","x-xss-protection":"0","x-frame-options":"SAMEORIGIN","x-content-type-options":"nosniff","alt-svc":"h3-27=\":443\"; ma=2592000,h3-25=\":443\"; ma=2592000,h3-T050=\":443\"; ma=2592000,h3-Q050=\":443\"; ma=2592000,h3-Q049=\":443\"; ma=2592000,h3-Q048=\":443\"; ma=2592000,h3-Q046=\":443\"; ma=2592000,h3-Q043=\":443\"; ma=2592000,quic=\":443\"; ma=2592000; v=\"46,43\"","accept-ranges":"none","transfer-encoding":"chunked"}
[debug] [2020-06-07T16:09:02.898Z] <<< HTTP RESPONSE BODY {"error":{"code":404,"message":"Function createWallet in region us-central1 in project graffity-dev-b0fa1 does not exist","status":"NOT_FOUND"}}
[warn] !  functions: failed to delete function createWallet 
[info] HTTP Error: 404, Function createWallet in region us-central1 in project graffity-dev-b0fa1 does not exist
[debug] [2020-06-07T16:09:03.125Z] <<< HTTP RESPONSE 200 {"content-type":"application/json; charset=UTF-8","vary":"X-Origin, Referer, Origin,Accept-Encoding","date":"Sun, 07 Jun 2020 16:09:03 GMT","server":"ESF","cache-control":"private","x-xss-protection":"0","x-frame-options":"SAMEORIGIN","x-content-type-options":"nosniff","alt-svc":"h3-27=\":443\"; ma=2592000,h3-25=\":443\"; ma=2592000,h3-T050=\":443\"; ma=2592000,h3-Q050=\":443\"; ma=2592000,h3-Q049=\":443\"; ma=2592000,h3-Q048=\":443\"; ma=2592000,h3-Q046=\":443\"; ma=2592000,h3-Q043=\":443\"; ma=2592000,quic=\":443\"; ma=2592000; v=\"46,43\"","accept-ranges":"none","transfer-encoding":"chunked"}
[debug] [2020-06-07T16:09:03.138Z] <<< HTTP RESPONSE 200 {"content-type":"application/json; charset=UTF-8","vary":"X-Origin, Referer, Origin,Accept-Encoding","date":"Sun, 07 Jun 2020 16:09:03 GMT","server":"ESF","cache-control":"private","x-xss-protection":"0","x-frame-options":"SAMEORIGIN","x-content-type-options":"nosniff","alt-svc":"h3-27=\":443\"; ma=2592000,h3-25=\":443\"; ma=2592000,h3-T050=\":443\"; ma=2592000,h3-Q050=\":443\"; ma=2592000,h3-Q049=\":443\"; ma=2592000,h3-Q048=\":443\"; ma=2592000,h3-Q046=\":443\"; ma=2592000,h3-Q043=\":443\"; ma=2592000,quic=\":443\"; ma=2592000; v=\"46,43\"","accept-ranges":"none","transfer-encoding":"chunked"}
[debug] [2020-06-07T16:09:03.139Z] Setting public policy for function createWalletIfNotExist
[debug] [2020-06-07T16:09:03.141Z] >>> HTTP REQUEST POST https://cloudfunctions.googleapis.com/v1/projects/graffity-dev-b0fa1/locations/us-central1/functions/createWalletIfNotExist:setIamPolicy  
 {"policy":{"version":3,"bindings":[{"role":"roles/cloudfunctions.invoker","members":["allUsers"]}]},"updateMask":"version,bindings"}
[debug] [2020-06-07T16:09:03.558Z] <<< HTTP RESPONSE 200 {"content-type":"application/json; charset=UTF-8","vary":"X-Origin, Referer, Origin,Accept-Encoding","date":"Sun, 07 Jun 2020 16:09:03 GMT","server":"ESF","cache-control":"private","x-xss-protection":"0","x-frame-options":"SAMEORIGIN","x-content-type-options":"nosniff","alt-svc":"h3-27=\":443\"; ma=2592000,h3-25=\":443\"; ma=2592000,h3-T050=\":443\"; ma=2592000,h3-Q050=\":443\"; ma=2592000,h3-Q049=\":443\"; ma=2592000,h3-Q048=\":443\"; ma=2592000,h3-Q046=\":443\"; ma=2592000,h3-Q043=\":443\"; ma=2592000,quic=\":443\"; ma=2592000; v=\"46,43\"","accept-ranges":"none","transfer-encoding":"chunked"}
[debug] [2020-06-07T16:09:03.561Z] >>> HTTP REQUEST GET https://cloudfunctions.googleapis.com/v1/projects/graffity-dev-b0fa1/locations/-/functions  
 
[debug] [2020-06-07T16:09:03.970Z] <<< HTTP RESPONSE 200 {"content-type":"application/json; charset=UTF-8","vary":"X-Origin, Referer, Origin,Accept-Encoding","date":"Sun, 07 Jun 2020 16:09:04 GMT","server":"ESF","cache-control":"private","x-xss-protection":"0","x-frame-options":"SAMEORIGIN","x-content-type-options":"nosniff","alt-svc":"h3-27=\":443\"; ma=2592000,h3-25=\":443\"; ma=2592000,h3-T050=\":443\"; ma=2592000,h3-Q050=\":443\"; ma=2592000,h3-Q049=\":443\"; ma=2592000,h3-Q048=\":443\"; ma=2592000,h3-Q046=\":443\"; ma=2592000,h3-Q043=\":443\"; ma=2592000,quic=\":443\"; ma=2592000; v=\"46,43\"","accept-ranges":"none","transfer-encoding":"chunked"}
[debug] [2020-06-07T16:09:03.973Z] >>> HTTP REQUEST GET https://cloudfunctions.googleapis.com/v1/operations/Z3JhZmZpdHktZGV2LWIwZmExL3VzLWNlbnRyYWwxL2NyZWF0ZVdhbGxldElmTm90RXhpc3QvUVloSjhtNk1fdG8  
 
[debug] [2020-06-07T16:09:03.974Z] >>> HTTP REQUEST GET https://cloudfunctions.googleapis.com/v1/operations/Z3JhZmZpdHktZGV2LWIwZmExL3VzLWNlbnRyYWwxL2NyZWF0ZVdhbGxldE9uVXNlckNyZWF0ZS9XQV9xbzdabkNKNA  
 
[debug] [2020-06-07T16:09:04.203Z] <<< HTTP RESPONSE 200 {"content-type":"application/json; charset=UTF-8","vary":"X-Origin, Referer, Origin,Accept-Encoding","date":"Sun, 07 Jun 2020 16:09:04 GMT","server":"ESF","cache-control":"private","x-xss-protection":"0","x-frame-options":"SAMEORIGIN","x-content-type-options":"nosniff","alt-svc":"h3-27=\":443\"; ma=2592000,h3-25=\":443\"; ma=2592000,h3-T050=\":443\"; ma=2592000,h3-Q050=\":443\"; ma=2592000,h3-Q049=\":443\"; ma=2592000,h3-Q048=\":443\"; ma=2592000,h3-Q046=\":443\"; ma=2592000,h3-Q043=\":443\"; ma=2592000,quic=\":443\"; ma=2592000; v=\"46,43\"","accept-ranges":"none","transfer-encoding":"chunked"}
[debug] [2020-06-07T16:09:04.209Z] <<< HTTP RESPONSE 200 {"content-type":"application/json; charset=UTF-8","vary":"X-Origin, Referer, Origin,Accept-Encoding","date":"Sun, 07 Jun 2020 16:09:04 GMT","server":"ESF","cache-control":"private","x-xss-protection":"0","x-frame-options":"SAMEORIGIN","x-content-type-options":"nosniff","alt-svc":"h3-27=\":443\"; ma=2592000,h3-25=\":443\"; ma=2592000,h3-T050=\":443\"; ma=2592000,h3-Q050=\":443\"; ma=2592000,h3-Q049=\":443\"; ma=2592000,h3-Q048=\":443\"; ma=2592000,h3-Q046=\":443\"; ma=2592000,h3-Q043=\":443\"; ma=2592000,quic=\":443\"; ma=2592000; v=\"46,43\"","accept-ranges":"none","transfer-encoding":"chunked"}
[debug] [2020-06-07T16:09:06.205Z] >>> HTTP REQUEST GET https://cloudfunctions.googleapis.com/v1/operations/Z3JhZmZpdHktZGV2LWIwZmExL3VzLWNlbnRyYWwxL2NyZWF0ZVdhbGxldElmTm90RXhpc3QvUVloSjhtNk1fdG8  
 
[debug] [2020-06-07T16:09:06.211Z] >>> HTTP REQUEST GET https://cloudfunctions.googleapis.com/v1/operations/Z3JhZmZpdHktZGV2LWIwZmExL3VzLWNlbnRyYWwxL2NyZWF0ZVdhbGxldE9uVXNlckNyZWF0ZS9XQV9xbzdabkNKNA  
 
[debug] [2020-06-07T16:09:06.452Z] <<< HTTP RESPONSE 200 {"content-type":"application/json; charset=UTF-8","vary":"X-Origin, Referer, Origin,Accept-Encoding","date":"Sun, 07 Jun 2020 16:09:06 GMT","server":"ESF","cache-control":"private","x-xss-protection":"0","x-frame-options":"SAMEORIGIN","x-content-type-options":"nosniff","alt-svc":"h3-27=\":443\"; ma=2592000,h3-25=\":443\"; ma=2592000,h3-T050=\":443\"; ma=2592000,h3-Q050=\":443\"; ma=2592000,h3-Q049=\":443\"; ma=2592000,h3-Q048=\":443\"; ma=2592000,h3-Q046=\":443\"; ma=2592000,h3-Q043=\":443\"; ma=2592000,quic=\":443\"; ma=2592000; v=\"46,43\"","accept-ranges":"none","transfer-encoding":"chunked"}
[debug] [2020-06-07T16:09:06.461Z] <<< HTTP RESPONSE 200 {"content-type":"application/json; charset=UTF-8","vary":"X-Origin, Referer, Origin,Accept-Encoding","date":"Sun, 07 Jun 2020 16:09:06 GMT","server":"ESF","cache-control":"private","x-xss-protection":"0","x-frame-options":"SAMEORIGIN","x-content-type-options":"nosniff","alt-svc":"h3-27=\":443\"; ma=2592000,h3-25=\":443\"; ma=2592000,h3-T050=\":443\"; ma=2592000,h3-Q050=\":443\"; ma=2592000,h3-Q049=\":443\"; ma=2592000,h3-Q048=\":443\"; ma=2592000,h3-Q046=\":443\"; ma=2592000,h3-Q043=\":443\"; ma=2592000,quic=\":443\"; ma=2592000; v=\"46,43\"","accept-ranges":"none","transfer-encoding":"chunked"}
[debug] [2020-06-07T16:09:08.458Z] >>> HTTP REQUEST GET https://cloudfunctions.googleapis.com/v1/operations/Z3JhZmZpdHktZGV2LWIwZmExL3VzLWNlbnRyYWwxL2NyZWF0ZVdhbGxldElmTm90RXhpc3QvUVloSjhtNk1fdG8  
 
[debug] [2020-06-07T16:09:08.464Z] >>> HTTP REQUEST GET https://cloudfunctions.googleapis.com/v1/operations/Z3JhZmZpdHktZGV2LWIwZmExL3VzLWNlbnRyYWwxL2NyZWF0ZVdhbGxldE9uVXNlckNyZWF0ZS9XQV9xbzdabkNKNA  
 
[debug] [2020-06-07T16:09:08.687Z] <<< HTTP RESPONSE 200 {"content-type":"application/json; charset=UTF-8","vary":"X-Origin, Referer, Origin,Accept-Encoding","date":"Sun, 07 Jun 2020 16:09:08 GMT","server":"ESF","cache-control":"private","x-xss-protection":"0","x-frame-options":"SAMEORIGIN","x-content-type-options":"nosniff","alt-svc":"h3-27=\":443\"; ma=2592000,h3-25=\":443\"; ma=2592000,h3-T050=\":443\"; ma=2592000,h3-Q050=\":443\"; ma=2592000,h3-Q049=\":443\"; ma=2592000,h3-Q048=\":443\"; ma=2592000,h3-Q046=\":443\"; ma=2592000,h3-Q043=\":443\"; ma=2592000,quic=\":443\"; ma=2592000; v=\"46,43\"","accept-ranges":"none","transfer-encoding":"chunked"}
[debug] [2020-06-07T16:09:08.692Z] <<< HTTP RESPONSE 200 {"content-type":"application/json; charset=UTF-8","vary":"X-Origin, Referer, Origin,Accept-Encoding","date":"Sun, 07 Jun 2020 16:09:08 GMT","server":"ESF","cache-control":"private","x-xss-protection":"0","x-frame-options":"SAMEORIGIN","x-content-type-options":"nosniff","alt-svc":"h3-27=\":443\"; ma=2592000,h3-25=\":443\"; ma=2592000,h3-T050=\":443\"; ma=2592000,h3-Q050=\":443\"; ma=2592000,h3-Q049=\":443\"; ma=2592000,h3-Q048=\":443\"; ma=2592000,h3-Q046=\":443\"; ma=2592000,h3-Q043=\":443\"; ma=2592000,quic=\":443\"; ma=2592000; v=\"46,43\"","accept-ranges":"none","transfer-encoding":"chunked"}
[debug] [2020-06-07T16:09:10.688Z] >>> HTTP REQUEST GET https://cloudfunctions.googleapis.com/v1/operations/Z3JhZmZpdHktZGV2LWIwZmExL3VzLWNlbnRyYWwxL2NyZWF0ZVdhbGxldElmTm90RXhpc3QvUVloSjhtNk1fdG8  
 
[debug] [2020-06-07T16:09:10.694Z] >>> HTTP REQUEST GET https://cloudfunctions.googleapis.com/v1/operations/Z3JhZmZpdHktZGV2LWIwZmExL3VzLWNlbnRyYWwxL2NyZWF0ZVdhbGxldE9uVXNlckNyZWF0ZS9XQV9xbzdabkNKNA  
 
[debug] [2020-06-07T16:09:10.914Z] <<< HTTP RESPONSE 200 {"content-type":"application/json; charset=UTF-8","vary":"X-Origin, Referer, Origin,Accept-Encoding","date":"Sun, 07 Jun 2020 16:09:11 GMT","server":"ESF","cache-control":"private","x-xss-protection":"0","x-frame-options":"SAMEORIGIN","x-content-type-options":"nosniff","alt-svc":"h3-27=\":443\"; ma=2592000,h3-25=\":443\"; ma=2592000,h3-T050=\":443\"; ma=2592000,h3-Q050=\":443\"; ma=2592000,h3-Q049=\":443\"; ma=2592000,h3-Q048=\":443\"; ma=2592000,h3-Q046=\":443\"; ma=2592000,h3-Q043=\":443\"; ma=2592000,quic=\":443\"; ma=2592000; v=\"46,43\"","accept-ranges":"none","transfer-encoding":"chunked"}
[debug] [2020-06-07T16:09:10.917Z] <<< HTTP RESPONSE 200 {"content-type":"application/json; charset=UTF-8","vary":"X-Origin, Referer, Origin,Accept-Encoding","date":"Sun, 07 Jun 2020 16:09:11 GMT","server":"ESF","cache-control":"private","x-xss-protection":"0","x-frame-options":"SAMEORIGIN","x-content-type-options":"nosniff","alt-svc":"h3-27=\":443\"; ma=2592000,h3-25=\":443\"; ma=2592000,h3-T050=\":443\"; ma=2592000,h3-Q050=\":443\"; ma=2592000,h3-Q049=\":443\"; ma=2592000,h3-Q048=\":443\"; ma=2592000,h3-Q046=\":443\"; ma=2592000,h3-Q043=\":443\"; ma=2592000,quic=\":443\"; ma=2592000; v=\"46,43\"","accept-ranges":"none","transfer-encoding":"chunked"}
[debug] [2020-06-07T16:09:12.916Z] >>> HTTP REQUEST GET https://cloudfunctions.googleapis.com/v1/operations/Z3JhZmZpdHktZGV2LWIwZmExL3VzLWNlbnRyYWwxL2NyZWF0ZVdhbGxldE9uVXNlckNyZWF0ZS9XQV9xbzdabkNKNA  
 
[debug] [2020-06-07T16:09:12.920Z] >>> HTTP REQUEST GET https://cloudfunctions.googleapis.com/v1/operations/Z3JhZmZpdHktZGV2LWIwZmExL3VzLWNlbnRyYWwxL2NyZWF0ZVdhbGxldElmTm90RXhpc3QvUVloSjhtNk1fdG8  
 
[debug] [2020-06-07T16:09:13.127Z] <<< HTTP RESPONSE 200 {"content-type":"application/json; charset=UTF-8","vary":"X-Origin, Referer, Origin,Accept-Encoding","date":"Sun, 07 Jun 2020 16:09:13 GMT","server":"ESF","cache-control":"private","x-xss-protection":"0","x-frame-options":"SAMEORIGIN","x-content-type-options":"nosniff","alt-svc":"h3-27=\":443\"; ma=2592000,h3-25=\":443\"; ma=2592000,h3-T050=\":443\"; ma=2592000,h3-Q050=\":443\"; ma=2592000,h3-Q049=\":443\"; ma=2592000,h3-Q048=\":443\"; ma=2592000,h3-Q046=\":443\"; ma=2592000,h3-Q043=\":443\"; ma=2592000,quic=\":443\"; ma=2592000; v=\"46,43\"","accept-ranges":"none","transfer-encoding":"chunked"}
[debug] [2020-06-07T16:09:13.142Z] <<< HTTP RESPONSE 200 {"content-type":"application/json; charset=UTF-8","vary":"X-Origin, Referer, Origin,Accept-Encoding","date":"Sun, 07 Jun 2020 16:09:13 GMT","server":"ESF","cache-control":"private","x-xss-protection":"0","x-frame-options":"SAMEORIGIN","x-content-type-options":"nosniff","alt-svc":"h3-27=\":443\"; ma=2592000,h3-25=\":443\"; ma=2592000,h3-T050=\":443\"; ma=2592000,h3-Q050=\":443\"; ma=2592000,h3-Q049=\":443\"; ma=2592000,h3-Q048=\":443\"; ma=2592000,h3-Q046=\":443\"; ma=2592000,h3-Q043=\":443\"; ma=2592000,quic=\":443\"; ma=2592000; v=\"46,43\"","accept-ranges":"none","transfer-encoding":"chunked"}
[debug] [2020-06-07T16:09:15.129Z] >>> HTTP REQUEST GET https://cloudfunctions.googleapis.com/v1/operations/Z3JhZmZpdHktZGV2LWIwZmExL3VzLWNlbnRyYWwxL2NyZWF0ZVdhbGxldElmTm90RXhpc3QvUVloSjhtNk1fdG8  
 
[debug] [2020-06-07T16:09:15.143Z] >>> HTTP REQUEST GET https://cloudfunctions.googleapis.com/v1/operations/Z3JhZmZpdHktZGV2LWIwZmExL3VzLWNlbnRyYWwxL2NyZWF0ZVdhbGxldE9uVXNlckNyZWF0ZS9XQV9xbzdabkNKNA  
 
[debug] [2020-06-07T16:09:15.333Z] <<< HTTP RESPONSE 200 {"content-type":"application/json; charset=UTF-8","vary":"X-Origin, Referer, Origin,Accept-Encoding","date":"Sun, 07 Jun 2020 16:09:15 GMT","server":"ESF","cache-control":"private","x-xss-protection":"0","x-frame-options":"SAMEORIGIN","x-content-type-options":"nosniff","alt-svc":"h3-27=\":443\"; ma=2592000,h3-25=\":443\"; ma=2592000,h3-T050=\":443\"; ma=2592000,h3-Q050=\":443\"; ma=2592000,h3-Q049=\":443\"; ma=2592000,h3-Q048=\":443\"; ma=2592000,h3-Q046=\":443\"; ma=2592000,h3-Q043=\":443\"; ma=2592000,quic=\":443\"; ma=2592000; v=\"46,43\"","accept-ranges":"none","transfer-encoding":"chunked"}
[debug] [2020-06-07T16:09:15.365Z] <<< HTTP RESPONSE 200 {"content-type":"application/json; charset=UTF-8","vary":"X-Origin, Referer, Origin,Accept-Encoding","date":"Sun, 07 Jun 2020 16:09:15 GMT","server":"ESF","cache-control":"private","x-xss-protection":"0","x-frame-options":"SAMEORIGIN","x-content-type-options":"nosniff","alt-svc":"h3-27=\":443\"; ma=2592000,h3-25=\":443\"; ma=2592000,h3-T050=\":443\"; ma=2592000,h3-Q050=\":443\"; ma=2592000,h3-Q049=\":443\"; ma=2592000,h3-Q048=\":443\"; ma=2592000,h3-Q046=\":443\"; ma=2592000,h3-Q043=\":443\"; ma=2592000,quic=\":443\"; ma=2592000; v=\"46,43\"","accept-ranges":"none","transfer-encoding":"chunked"}
