[debug] [2020-06-05T02:52:13.656Z] ----------------------------------------------------------------------
[debug] [2020-06-05T02:52:13.658Z] Command:       C:\Program Files\nodejs\node.exe C:\Users\cedric\AppData\Roaming\npm\node_modules\firebase-tools\lib\bin\firebase.js deploy --only hosting
[debug] [2020-06-05T02:52:13.658Z] CLI Version:   8.4.1
[debug] [2020-06-05T02:52:13.658Z] Platform:      win32
[debug] [2020-06-05T02:52:13.658Z] Node Version:  v13.11.0
[debug] [2020-06-05T02:52:13.659Z] Time:          Fri Jun 05 2020 04:52:13 GMT+0200 (Central European Summer Time)
[debug] [2020-06-05T02:52:13.659Z] ----------------------------------------------------------------------
[debug] [2020-06-05T02:52:13.659Z] 
[debug] [2020-06-05T02:52:13.669Z] > command requires scopes: ["email","openid","https://www.googleapis.com/auth/cloudplatformprojects.readonly","https://www.googleapis.com/auth/firebase","https://www.googleapis.com/auth/cloud-platform"]
[debug] [2020-06-05T02:52:13.669Z] > authorizing via signed-in user
[debug] [2020-06-05T02:52:13.670Z] [iam] checking project graffity-42ed2 for permissions ["firebase.projects.get","firebasehosting.sites.update"]
[debug] [2020-06-05T02:52:13.672Z] > refreshing access token with scopes: ["email","https://www.googleapis.com/auth/cloud-platform","https://www.googleapis.com/auth/cloudplatformprojects.readonly","https://www.googleapis.com/auth/firebase","openid"]
[debug] [2020-06-05T02:52:13.673Z] >>> HTTP REQUEST POST https://www.googleapis.com/oauth2/v3/token  
 <request body omitted>
[debug] [2020-06-05T02:52:13.881Z] <<< HTTP RESPONSE 200 {"content-type":"application/json; charset=utf-8","vary":"X-Origin, Referer, Origin,Accept-Encoding","date":"Fri, 05 Jun 2020 02:52:14 GMT","server":"scaffolding on HTTPServer2","cache-control":"private","x-xss-protection":"0","x-frame-options":"SAMEORIGIN","x-content-type-options":"nosniff","alt-svc":"h3-27=\":443\"; ma=2592000,h3-25=\":443\"; ma=2592000,h3-T050=\":443\"; ma=2592000,h3-Q050=\":443\"; ma=2592000,h3-Q049=\":443\"; ma=2592000,h3-Q048=\":443\"; ma=2592000,h3-Q046=\":443\"; ma=2592000,h3-Q043=\":443\"; ma=2592000,quic=\":443\"; ma=2592000; v=\"46,43\"","accept-ranges":"none","transfer-encoding":"chunked"}
[debug] [2020-06-05T02:52:13.890Z] >>> HTTP REQUEST POST https://cloudresourcemanager.googleapis.com/v1/projects/graffity-42ed2:testIamPermissions  
 {"permissions":["firebase.projects.get","firebasehosting.sites.update"]}
[debug] [2020-06-05T02:52:14.718Z] <<< HTTP RESPONSE 200 {"content-type":"application/json; charset=UTF-8","vary":"X-Origin, Referer, Origin,Accept-Encoding","date":"Fri, 05 Jun 2020 02:52:15 GMT","server":"ESF","cache-control":"private","x-xss-protection":"0","x-frame-options":"SAMEORIGIN","x-content-type-options":"nosniff","server-timing":"gfet4t7; dur=657","alt-svc":"h3-27=\":443\"; ma=2592000,h3-25=\":443\"; ma=2592000,h3-T050=\":443\"; ma=2592000,h3-Q050=\":443\"; ma=2592000,h3-Q049=\":443\"; ma=2592000,h3-Q048=\":443\"; ma=2592000,h3-Q046=\":443\"; ma=2592000,h3-Q043=\":443\"; ma=2592000,quic=\":443\"; ma=2592000; v=\"46,43\"","accept-ranges":"none","transfer-encoding":"chunked"}
[debug] [2020-06-05T02:52:14.719Z] >>> HTTP REQUEST GET https://firebase.googleapis.com/v1beta1/projects/graffity-42ed2  
 
[debug] [2020-06-05T02:52:15.103Z] <<< HTTP RESPONSE 200 {"content-type":"application/json; charset=UTF-8","vary":"X-Origin, Referer, Origin,Accept-Encoding","date":"Fri, 05 Jun 2020 02:52:15 GMT","server":"ESF","cache-control":"private","x-xss-protection":"0","x-frame-options":"SAMEORIGIN","x-content-type-options":"nosniff","alt-svc":"h3-27=\":443\"; ma=2592000,h3-25=\":443\"; ma=2592000,h3-T050=\":443\"; ma=2592000,h3-Q050=\":443\"; ma=2592000,h3-Q049=\":443\"; ma=2592000,h3-Q048=\":443\"; ma=2592000,h3-Q046=\":443\"; ma=2592000,h3-Q043=\":443\"; ma=2592000,quic=\":443\"; ma=2592000; v=\"46,43\"","accept-ranges":"none","transfer-encoding":"chunked"}
[debug] [2020-06-05T02:55:32.263Z] ----------------------------------------------------------------------
[debug] [2020-06-05T02:55:32.266Z] Command:       C:\Program Files\nodejs\node.exe C:\Users\cedric\AppData\Roaming\npm\node_modules\firebase-tools\lib\bin\firebase.js deploy --only hosting
[debug] [2020-06-05T02:55:32.267Z] CLI Version:   8.4.1
[debug] [2020-06-05T02:55:32.267Z] Platform:      win32
[debug] [2020-06-05T02:55:32.267Z] Node Version:  v13.11.0
[debug] [2020-06-05T02:55:32.268Z] Time:          Fri Jun 05 2020 04:55:32 GMT+0200 (Central European Summer Time)
[debug] [2020-06-05T02:55:32.269Z] ----------------------------------------------------------------------
[debug] [2020-06-05T02:55:32.269Z] 
[debug] [2020-06-05T02:55:32.278Z] > command requires scopes: ["email","openid","https://www.googleapis.com/auth/cloudplatformprojects.readonly","https://www.googleapis.com/auth/firebase","https://www.googleapis.com/auth/cloud-platform"]
[debug] [2020-06-05T02:55:32.279Z] > authorizing via signed-in user
[debug] [2020-06-05T02:55:32.279Z] [iam] checking project graffity-42ed2 for permissions ["firebase.projects.get","firebasehosting.sites.update"]
[debug] [2020-06-05T02:55:32.282Z] >>> HTTP REQUEST POST https://cloudresourcemanager.googleapis.com/v1/projects/graffity-42ed2:testIamPermissions  
 {"permissions":["firebase.projects.get","firebasehosting.sites.update"]}
[debug] [2020-06-05T02:55:33.007Z] <<< HTTP RESPONSE 200 {"content-type":"application/json; charset=UTF-8","vary":"X-Origin, Referer, Origin,Accept-Encoding","date":"Fri, 05 Jun 2020 02:55:33 GMT","server":"ESF","cache-control":"private","x-xss-protection":"0","x-frame-options":"SAMEORIGIN","x-content-type-options":"nosniff","server-timing":"gfet4t7; dur=590","alt-svc":"h3-27=\":443\"; ma=2592000,h3-25=\":443\"; ma=2592000,h3-T050=\":443\"; ma=2592000,h3-Q050=\":443\"; ma=2592000,h3-Q049=\":443\"; ma=2592000,h3-Q048=\":443\"; ma=2592000,h3-Q046=\":443\"; ma=2592000,h3-Q043=\":443\"; ma=2592000,quic=\":443\"; ma=2592000; v=\"46,43\"","accept-ranges":"none","transfer-encoding":"chunked"}
[debug] [2020-06-05T02:55:33.010Z] >>> HTTP REQUEST GET https://firebase.googleapis.com/v1beta1/projects/graffity-42ed2  
 
[debug] [2020-06-05T02:55:33.351Z] <<< HTTP RESPONSE 200 {"content-type":"application/json; charset=UTF-8","vary":"X-Origin, Referer, Origin,Accept-Encoding","date":"Fri, 05 Jun 2020 02:55:34 GMT","server":"ESF","cache-control":"private","x-xss-protection":"0","x-frame-options":"SAMEORIGIN","x-content-type-options":"nosniff","alt-svc":"h3-27=\":443\"; ma=2592000,h3-25=\":443\"; ma=2592000,h3-T050=\":443\"; ma=2592000,h3-Q050=\":443\"; ma=2592000,h3-Q049=\":443\"; ma=2592000,h3-Q048=\":443\"; ma=2592000,h3-Q046=\":443\"; ma=2592000,h3-Q043=\":443\"; ma=2592000,quic=\":443\"; ma=2592000; v=\"46,43\"","accept-ranges":"none","transfer-encoding":"chunked"}
